<?xml version="1.0" encoding="UTF-8"?>
<!-- Generated by org.testng.reporters.JUnitReportReporter -->
<testsuite skipped="0" hostname="aziiz" name="com.testng.GooglePageValidationTest" tests="1" failures="0" timestamp="25 Dec 2018 20:06:07 GMT" time="7.008" errors="0">
  <testcase name="googleLogoTest" time="7.008" classname="com.testng.GooglePageValidationTest"/>
</testsuite> <!-- com.testng.GooglePageValidationTest -->
