<?xml version="1.0" encoding="UTF-8"?>
<!-- Generated by org.testng.reporters.JUnitReportReporter -->
<testsuite skipped="0" hostname="aziiz" name="com.testng.ExpectedExceptions" tests="2" failures="0" timestamp="25 Dec 2018 20:06:07 GMT" time="0.010" errors="0">
  <testcase name="expectedExceptionsTestTwo" time="0.003" classname="com.testng.ExpectedExceptions"/>
  <testcase name="expectedExceptionsTestOne" time="0.007" classname="com.testng.ExpectedExceptions"/>
</testsuite> <!-- com.testng.ExpectedExceptions -->
