<?xml version="1.0" encoding="UTF-8"?>
<!-- Generated by org.testng.reporters.JUnitReportReporter -->
<testsuite skipped="0" hostname="aziiz" name="com.testng.ExpectedExceptions" tests="2" failures="0" timestamp="16 Mar 2019 07:55:35 GMT" time="0.013" errors="0">
  <testcase name="expectedExceptionsTestOne" time="0.011" classname="com.testng.ExpectedExceptions"/>
  <testcase name="expectedExceptionsTestTwo" time="0.002" classname="com.testng.ExpectedExceptions"/>
</testsuite> <!-- com.testng.ExpectedExceptions -->
