<?xml version="1.0" encoding="UTF-8"?>
<!-- Generated by org.testng.reporters.JUnitReportReporter -->
<testsuite skipped="0" hostname="aziiz" name="com.testng.TestNGBasics" tests="2" failures="0" timestamp="25 Dec 2018 20:06:07 GMT" time="0.006" errors="0">
  <testcase name="googleTitleTest" time="0.002" classname="com.testng.TestNGBasics"/>
  <testcase name="searchTest" time="0.004" classname="com.testng.TestNGBasics"/>
</testsuite> <!-- com.testng.TestNGBasics -->
