<?xml version="1.0" encoding="UTF-8"?>
<!-- Generated by org.testng.reporters.JUnitReportReporter -->
<testsuite skipped="0" hostname="aziiz" name="com.testng.TestNGBasics" tests="2" failures="0" timestamp="16 Mar 2019 07:55:35 GMT" time="0.030" errors="0">
  <testcase name="searchTest" time="0.023" classname="com.testng.TestNGBasics"/>
  <testcase name="googleTitleTest" time="0.007" classname="com.testng.TestNGBasics"/>
</testsuite> <!-- com.testng.TestNGBasics -->
