<?xml version="1.0" encoding="UTF-8"?>
<!-- Generated by org.testng.reporters.JUnitReportReporter -->
<testsuite skipped="0" hostname="aziiz" name="com.testng.GoogleTest" tests="3" failures="0" timestamp="24 Dec 2018 20:59:03 GMT" time="17.973" errors="0">
  <testcase name="googleTitleTest" time="5.243" classname="com.testng.GoogleTest"/>
  <testcase name="googleLogoTest" time="5.034" classname="com.testng.GoogleTest"/>
  <testcase name="gmailLinktest" time="7.696" classname="com.testng.GoogleTest"/>
</testsuite> <!-- com.testng.GoogleTest -->
