<?xml version="1.0" encoding="UTF-8"?>
<!-- Generated by org.testng.reporters.JUnitReportReporter -->
<testsuite skipped="0" hostname="aziiz" name="com.testng.InvocationCountTest" tests="12" failures="0" timestamp="16 Mar 2019 07:55:34 GMT" time="0.069" errors="0">
  <testcase name="sum" time="0.003" classname="com.testng.InvocationCountTest"/>
  <testcase name="sum" time="0.007" classname="com.testng.InvocationCountTest"/>
  <testcase name="sum" time="0.013" classname="com.testng.InvocationCountTest"/>
  <testcase name="sum" time="0.002" classname="com.testng.InvocationCountTest"/>
  <testcase name="sum" time="0.005" classname="com.testng.InvocationCountTest"/>
  <testcase name="sum" time="0.005" classname="com.testng.InvocationCountTest"/>
  <testcase name="sum" time="0.004" classname="com.testng.InvocationCountTest"/>
  <testcase name="sum" time="0.008" classname="com.testng.InvocationCountTest"/>
  <testcase name="sum" time="0.008" classname="com.testng.InvocationCountTest"/>
  <testcase name="sum" time="0.003" classname="com.testng.InvocationCountTest"/>
  <testcase name="sum" time="0.008" classname="com.testng.InvocationCountTest"/>
  <testcase name="sum" time="0.003" classname="com.testng.InvocationCountTest"/>
</testsuite> <!-- com.testng.InvocationCountTest -->
