<?xml version="1.0" encoding="UTF-8"?>
<!-- Generated by org.testng.reporters.JUnitReportReporter -->
<testsuite skipped="0" hostname="aziiz" name="com.testng.GoogleTest" tests="3" failures="0" timestamp="25 Dec 2018 18:48:37 GMT" time="18.248" errors="0">
  <testcase name="googleLogoTest" time="5.406" classname="com.testng.GoogleTest"/>
  <testcase name="gmailLinktest" time="7.842" classname="com.testng.GoogleTest"/>
  <testcase name="googleTitleTest" time="5.000" classname="com.testng.GoogleTest"/>
</testsuite> <!-- com.testng.GoogleTest -->
