<?xml version="1.0" encoding="UTF-8"?>
<!-- Generated by org.testng.reporters.JUnitReportReporter -->
<testsuite skipped="0" hostname="aziiz" name="com.testng.DependencyTest" tests="2" failures="0" timestamp="25 Dec 2018 19:54:50 GMT" time="0.009" errors="0">
  <testcase name="loginTest" time="0.006" classname="com.testng.DependencyTest"/>
  <testcase name="homePageTest" time="0.003" classname="com.testng.DependencyTest"/>
</testsuite> <!-- com.testng.DependencyTest -->
