<?xml version="1.0" encoding="UTF-8"?>
<!-- Generated by org.testng.reporters.JUnitReportReporter -->
<testsuite skipped="0" hostname="aziiz" name="com.testng.GoogleTitleVerifyTest" tests="1" failures="0" timestamp="25 Dec 2018 19:35:24 GMT" time="8.107" errors="0">
  <testcase name="googleTitleTest" time="8.107" classname="com.testng.GoogleTitleVerifyTest"/>
</testsuite> <!-- com.testng.GoogleTitleVerifyTest -->
