<?xml version="1.0" encoding="UTF-8"?>
<!-- Generated by org.testng.reporters.JUnitReportReporter -->
<testsuite skipped="0" hostname="aziiz" name="com.test.TestNGBasics" tests="2" failures="0" timestamp="24 Dec 2018 20:03:57 GMT" time="0.018" errors="0">
  <testcase name="searchTest" time="0.005" classname="com.test.TestNGBasics"/>
  <testcase name="googleTitleTest" time="0.013" classname="com.test.TestNGBasics"/>
</testsuite> <!-- com.test.TestNGBasics -->
