<?xml version="1.0" encoding="UTF-8"?>
<!-- Generated by org.testng.reporters.JUnitReportReporter -->
<testsuite skipped="0" hostname="aziiz" name="com.testng.ExpectedExceptions" tests="2" failures="0" timestamp="25 Dec 2018 20:01:50 GMT" time="0.020" errors="0">
  <testcase name="expectedExceptionsTestTwo" time="0.005" classname="com.testng.ExpectedExceptions"/>
  <testcase name="expectedExceptionsTestOne" time="0.015" classname="com.testng.ExpectedExceptions"/>
</testsuite> <!-- com.testng.ExpectedExceptions -->
